<?xml version="1.0" encoding="UTF-8"?>
<testsuite xmlns:xsi="http://www.w3.org/2001/XMLSchema-instance" xsi:noNamespaceSchemaLocation="https://maven.apache.org/surefire/maven-surefire-plugin/xsd/surefire-test-report-3.0.xsd" version="3.0" name="girlsallowed.GirlsallowedQuotationServiceUnitTest" time="2.669" tests="1" errors="0" skipped="0" failures="0">
  <properties>
    <property name="sun.desktop" value="windows"/>
    <property name="awt.toolkit" value="sun.awt.windows.WToolkit"/>
    <property name="file.encoding.pkg" value="sun.io"/>
    <property name="java.specification.version" value="1.8"/>
    <property name="sun.cpu.isalist" value="amd64"/>
    <property name="sun.jnu.encoding" value="Cp1252"/>
    <property name="java.class.path" value="C:\Users\ridhi\OneDrive\UCD\Trimester4\DistributedSystem\quoco-ws\task5\girlsallowed\target\test-classes;C:\Users\ridhi\OneDrive\UCD\Trimester4\DistributedSystem\quoco-ws\task5\girlsallowed\target\classes;C:\Users\ridhi\OneDrive\UCD\Trimester4\DistributedSystem\quoco-ws\task5\core\target\core-0.0.1.jar;C:\Users\ridhi\.m2\repository\javax\jws\javax.jws-api\1.1\javax.jws-api-1.1.jar;C:\Users\ridhi\.m2\repository\jakarta\xml\ws\jakarta.xml.ws-api\2.3.3\jakarta.xml.ws-api-2.3.3.jar;C:\Users\ridhi\.m2\repository\jakarta\xml\bind\jakarta.xml.bind-api\2.3.3\jakarta.xml.bind-api-2.3.3.jar;C:\Users\ridhi\.m2\repository\jakarta\activation\jakarta.activation-api\1.2.2\jakarta.activation-api-1.2.2.jar;C:\Users\ridhi\.m2\repository\jakarta\xml\soap\jakarta.xml.soap-api\1.4.2\jakarta.xml.soap-api-1.4.2.jar;C:\Users\ridhi\.m2\repository\jakarta\jws\jakarta.jws-api\2.1.0\jakarta.jws-api-2.1.0.jar;C:\Users\ridhi\.m2\repository\com\sun\xml\ws\jaxws-rt\2.3.3\jaxws-rt-2.3.3.jar;C:\Users\ridhi\.m2\repository\com\sun\xml\ws\policy\2.7.10\policy-2.7.10.jar;C:\Users\ridhi\.m2\repository\com\sun\xml\bind\jaxb-impl\2.3.3\jaxb-impl-2.3.3.jar;C:\Users\ridhi\.m2\repository\org\glassfish\ha\ha-api\3.1.12\ha-api-3.1.12.jar;C:\Users\ridhi\.m2\repository\org\glassfish\external\management-api\3.2.2\management-api-3.2.2.jar;C:\Users\ridhi\.m2\repository\org\glassfish\gmbal\gmbal\4.0.1\gmbal-4.0.1.jar;C:\Users\ridhi\.m2\repository\org\glassfish\pfl\pfl-tf\4.1.0\pfl-tf-4.1.0.jar;C:\Users\ridhi\.m2\repository\org\glassfish\pfl\pfl-basic\4.1.0\pfl-basic-4.1.0.jar;C:\Users\ridhi\.m2\repository\org\jvnet\staxex\stax-ex\1.8.3\stax-ex-1.8.3.jar;C:\Users\ridhi\.m2\repository\com\sun\xml\stream\buffer\streambuffer\1.5.9\streambuffer-1.5.9.jar;C:\Users\ridhi\.m2\repository\org\jvnet\mimepull\mimepull\1.9.13\mimepull-1.9.13.jar;C:\Users\ridhi\.m2\repository\com\sun\xml\fastinfoset\FastInfoset\1.2.18\FastInfoset-1.2.18.jar;C:\Users\ridhi\.m2\repository\com\sun\activation\jakarta.activation\1.2.2\jakarta.activation-1.2.2.jar;C:\Users\ridhi\.m2\repository\com\sun\xml\messaging\saaj\saaj-impl\1.5.2\saaj-impl-1.5.2.jar;C:\Users\ridhi\.m2\repository\com\fasterxml\woodstox\woodstox-core\5.1.0\woodstox-core-5.1.0.jar;C:\Users\ridhi\.m2\repository\org\codehaus\woodstox\stax2-api\4.1\stax2-api-4.1.jar;C:\Users\ridhi\.m2\repository\jakarta\annotation\jakarta.annotation-api\1.3.5\jakarta.annotation-api-1.3.5.jar;C:\Users\ridhi\.m2\repository\junit\junit\4.12\junit-4.12.jar;C:\Users\ridhi\.m2\repository\org\hamcrest\hamcrest-core\1.3\hamcrest-core-1.3.jar;C:\Users\ridhi\OneDrive\UCD\Trimester4\DistributedSystem\quoco-ws\task5\auldfellas\target\auldfellas-0.0.1.jar;C:\Users\ridhi\.m2\repository\javax\annotation\javax.annotation-api\1.3.2\javax.annotation-api-1.3.2.jar;C:\Users\ridhi\.m2\repository\org\jmdns\jmdns\3.5.5\jmdns-3.5.5.jar;C:\Users\ridhi\.m2\repository\org\slf4j\slf4j-api\1.7.25\slf4j-api-1.7.25.jar;C:\Users\ridhi\.m2\repository\org\glassfish\metro\webservices-rt\2.4.4\webservices-rt-2.4.4.jar;C:\Users\ridhi\.m2\repository\org\glassfish\metro\webservices-api\2.4.4\webservices-api-2.4.4.jar;C:\Users\ridhi\.m2\repository\org\apache\tomcat\tomcat-catalina\9.0.38\tomcat-catalina-9.0.38.jar;C:\Users\ridhi\.m2\repository\org\apache\tomcat\tomcat-servlet-api\9.0.38\tomcat-servlet-api-9.0.38.jar;C:\Users\ridhi\.m2\repository\org\apache\tomcat\tomcat-jsp-api\9.0.38\tomcat-jsp-api-9.0.38.jar;C:\Users\ridhi\.m2\repository\org\apache\tomcat\tomcat-el-api\9.0.38\tomcat-el-api-9.0.38.jar;C:\Users\ridhi\.m2\repository\org\apache\tomcat\tomcat-juli\9.0.38\tomcat-juli-9.0.38.jar;C:\Users\ridhi\.m2\repository\org\apache\tomcat\tomcat-annotations-api\9.0.38\tomcat-annotations-api-9.0.38.jar;C:\Users\ridhi\.m2\repository\org\apache\tomcat\tomcat-api\9.0.38\tomcat-api-9.0.38.jar;C:\Users\ridhi\.m2\repository\org\apache\tomcat\tomcat-jni\9.0.38\tomcat-jni-9.0.38.jar;C:\Users\ridhi\.m2\repository\org\apache\tomcat\tomcat-coyote\9.0.38\tomcat-coyote-9.0.38.jar;C:\Users\ridhi\.m2\repository\org\apache\tomcat\tomcat-util\9.0.38\tomcat-util-9.0.38.jar;C:\Users\ridhi\.m2\repository\org\apache\tomcat\tomcat-util-scan\9.0.38\tomcat-util-scan-9.0.38.jar;C:\Users\ridhi\.m2\repository\org\apache\tomcat\tomcat-jaspic-api\9.0.38\tomcat-jaspic-api-9.0.38.jar;C:\Users\ridhi\.m2\repository\com\sun\net\httpserver\http\20070405\http-20070405.jar;"/>
    <property name="java.vm.vendor" value="Oracle Corporation"/>
    <property name="sun.arch.data.model" value="64"/>
    <property name="user.variant" value=""/>
    <property name="java.vendor.url" value="http://java.oracle.com/"/>
    <property name="user.timezone" value="Europe/London"/>
    <property name="java.vm.specification.version" value="1.8"/>
    <property name="os.name" value="Windows 10"/>
    <property name="user.country" value="IN"/>
    <property name="sun.java.launcher" value="SUN_STANDARD"/>
    <property name="sun.boot.library.path" value="C:\Program Files\Java\jdk1.8.0_202\jre\bin"/>
    <property name="sun.java.command" value="C:\Users\ridhi\AppData\Local\Temp\surefire3144142548774712450\surefirebooter-20231013221922161_11.jar C:\Users\ridhi\AppData\Local\Temp\surefire3144142548774712450 2023-10-13T22-19-03_093-jvmRun1 surefire-20231013221922161_9tmp surefire_2-20231013221922161_10tmp"/>
    <property name="surefire.test.class.path" value="C:\Users\ridhi\OneDrive\UCD\Trimester4\DistributedSystem\quoco-ws\task5\girlsallowed\target\test-classes;C:\Users\ridhi\OneDrive\UCD\Trimester4\DistributedSystem\quoco-ws\task5\girlsallowed\target\classes;C:\Users\ridhi\OneDrive\UCD\Trimester4\DistributedSystem\quoco-ws\task5\core\target\core-0.0.1.jar;C:\Users\ridhi\.m2\repository\javax\jws\javax.jws-api\1.1\javax.jws-api-1.1.jar;C:\Users\ridhi\.m2\repository\jakarta\xml\ws\jakarta.xml.ws-api\2.3.3\jakarta.xml.ws-api-2.3.3.jar;C:\Users\ridhi\.m2\repository\jakarta\xml\bind\jakarta.xml.bind-api\2.3.3\jakarta.xml.bind-api-2.3.3.jar;C:\Users\ridhi\.m2\repository\jakarta\activation\jakarta.activation-api\1.2.2\jakarta.activation-api-1.2.2.jar;C:\Users\ridhi\.m2\repository\jakarta\xml\soap\jakarta.xml.soap-api\1.4.2\jakarta.xml.soap-api-1.4.2.jar;C:\Users\ridhi\.m2\repository\jakarta\jws\jakarta.jws-api\2.1.0\jakarta.jws-api-2.1.0.jar;C:\Users\ridhi\.m2\repository\com\sun\xml\ws\jaxws-rt\2.3.3\jaxws-rt-2.3.3.jar;C:\Users\ridhi\.m2\repository\com\sun\xml\ws\policy\2.7.10\policy-2.7.10.jar;C:\Users\ridhi\.m2\repository\com\sun\xml\bind\jaxb-impl\2.3.3\jaxb-impl-2.3.3.jar;C:\Users\ridhi\.m2\repository\org\glassfish\ha\ha-api\3.1.12\ha-api-3.1.12.jar;C:\Users\ridhi\.m2\repository\org\glassfish\external\management-api\3.2.2\management-api-3.2.2.jar;C:\Users\ridhi\.m2\repository\org\glassfish\gmbal\gmbal\4.0.1\gmbal-4.0.1.jar;C:\Users\ridhi\.m2\repository\org\glassfish\pfl\pfl-tf\4.1.0\pfl-tf-4.1.0.jar;C:\Users\ridhi\.m2\repository\org\glassfish\pfl\pfl-basic\4.1.0\pfl-basic-4.1.0.jar;C:\Users\ridhi\.m2\repository\org\jvnet\staxex\stax-ex\1.8.3\stax-ex-1.8.3.jar;C:\Users\ridhi\.m2\repository\com\sun\xml\stream\buffer\streambuffer\1.5.9\streambuffer-1.5.9.jar;C:\Users\ridhi\.m2\repository\org\jvnet\mimepull\mimepull\1.9.13\mimepull-1.9.13.jar;C:\Users\ridhi\.m2\repository\com\sun\xml\fastinfoset\FastInfoset\1.2.18\FastInfoset-1.2.18.jar;C:\Users\ridhi\.m2\repository\com\sun\activation\jakarta.activation\1.2.2\jakarta.activation-1.2.2.jar;C:\Users\ridhi\.m2\repository\com\sun\xml\messaging\saaj\saaj-impl\1.5.2\saaj-impl-1.5.2.jar;C:\Users\ridhi\.m2\repository\com\fasterxml\woodstox\woodstox-core\5.1.0\woodstox-core-5.1.0.jar;C:\Users\ridhi\.m2\repository\org\codehaus\woodstox\stax2-api\4.1\stax2-api-4.1.jar;C:\Users\ridhi\.m2\repository\jakarta\annotation\jakarta.annotation-api\1.3.5\jakarta.annotation-api-1.3.5.jar;C:\Users\ridhi\.m2\repository\junit\junit\4.12\junit-4.12.jar;C:\Users\ridhi\.m2\repository\org\hamcrest\hamcrest-core\1.3\hamcrest-core-1.3.jar;C:\Users\ridhi\OneDrive\UCD\Trimester4\DistributedSystem\quoco-ws\task5\auldfellas\target\auldfellas-0.0.1.jar;C:\Users\ridhi\.m2\repository\javax\annotation\javax.annotation-api\1.3.2\javax.annotation-api-1.3.2.jar;C:\Users\ridhi\.m2\repository\org\jmdns\jmdns\3.5.5\jmdns-3.5.5.jar;C:\Users\ridhi\.m2\repository\org\slf4j\slf4j-api\1.7.25\slf4j-api-1.7.25.jar;C:\Users\ridhi\.m2\repository\org\glassfish\metro\webservices-rt\2.4.4\webservices-rt-2.4.4.jar;C:\Users\ridhi\.m2\repository\org\glassfish\metro\webservices-api\2.4.4\webservices-api-2.4.4.jar;C:\Users\ridhi\.m2\repository\org\apache\tomcat\tomcat-catalina\9.0.38\tomcat-catalina-9.0.38.jar;C:\Users\ridhi\.m2\repository\org\apache\tomcat\tomcat-servlet-api\9.0.38\tomcat-servlet-api-9.0.38.jar;C:\Users\ridhi\.m2\repository\org\apache\tomcat\tomcat-jsp-api\9.0.38\tomcat-jsp-api-9.0.38.jar;C:\Users\ridhi\.m2\repository\org\apache\tomcat\tomcat-el-api\9.0.38\tomcat-el-api-9.0.38.jar;C:\Users\ridhi\.m2\repository\org\apache\tomcat\tomcat-juli\9.0.38\tomcat-juli-9.0.38.jar;C:\Users\ridhi\.m2\repository\org\apache\tomcat\tomcat-annotations-api\9.0.38\tomcat-annotations-api-9.0.38.jar;C:\Users\ridhi\.m2\repository\org\apache\tomcat\tomcat-api\9.0.38\tomcat-api-9.0.38.jar;C:\Users\ridhi\.m2\repository\org\apache\tomcat\tomcat-jni\9.0.38\tomcat-jni-9.0.38.jar;C:\Users\ridhi\.m2\repository\org\apache\tomcat\tomcat-coyote\9.0.38\tomcat-coyote-9.0.38.jar;C:\Users\ridhi\.m2\repository\org\apache\tomcat\tomcat-util\9.0.38\tomcat-util-9.0.38.jar;C:\Users\ridhi\.m2\repository\org\apache\tomcat\tomcat-util-scan\9.0.38\tomcat-util-scan-9.0.38.jar;C:\Users\ridhi\.m2\repository\org\apache\tomcat\tomcat-jaspic-api\9.0.38\tomcat-jaspic-api-9.0.38.jar;C:\Users\ridhi\.m2\repository\com\sun\net\httpserver\http\20070405\http-20070405.jar;"/>
    <property name="sun.cpu.endian" value="little"/>
    <property name="user.home" value="C:\Users\ridhi"/>
    <property name="user.language" value="en"/>
    <property name="java.specification.vendor" value="Oracle Corporation"/>
    <property name="java.home" value="C:\Program Files\Java\jdk1.8.0_202\jre"/>
    <property name="basedir" value="C:\Users\ridhi\OneDrive\UCD\Trimester4\DistributedSystem\quoco-ws\task5\girlsallowed"/>
    <property name="file.separator" value="\"/>
    <property name="line.separator" value="&#10;"/>
    <property name="java.vm.specification.vendor" value="Oracle Corporation"/>
    <property name="java.specification.name" value="Java Platform API Specification"/>
    <property name="java.awt.graphicsenv" value="sun.awt.Win32GraphicsEnvironment"/>
    <property name="surefire.real.class.path" value="C:\Users\ridhi\AppData\Local\Temp\surefire3144142548774712450\surefirebooter-20231013221922161_11.jar"/>
    <property name="sun.boot.class.path" value="C:\Program Files\Java\jdk1.8.0_202\jre\lib\resources.jar;C:\Program Files\Java\jdk1.8.0_202\jre\lib\rt.jar;C:\Program Files\Java\jdk1.8.0_202\jre\lib\sunrsasign.jar;C:\Program Files\Java\jdk1.8.0_202\jre\lib\jsse.jar;C:\Program Files\Java\jdk1.8.0_202\jre\lib\jce.jar;C:\Program Files\Java\jdk1.8.0_202\jre\lib\charsets.jar;C:\Program Files\Java\jdk1.8.0_202\jre\lib\jfr.jar;C:\Program Files\Java\jdk1.8.0_202\jre\classes"/>
    <property name="user.script" value=""/>
    <property name="sun.management.compiler" value="HotSpot 64-Bit Tiered Compilers"/>
    <property name="java.runtime.version" value="1.8.0_202-b08"/>
    <property name="user.name" value="ridhi"/>
    <property name="path.separator" value=";"/>
    <property name="os.version" value="10.0"/>
    <property name="java.endorsed.dirs" value="C:\Program Files\Java\jdk1.8.0_202\jre\lib\endorsed"/>
    <property name="java.runtime.name" value="Java(TM) SE Runtime Environment"/>
    <property name="file.encoding" value="Cp1252"/>
    <property name="java.vm.name" value="Java HotSpot(TM) 64-Bit Server VM"/>
    <property name="localRepository" value="C:\Users\ridhi\.m2\repository"/>
    <property name="java.vendor.url.bug" value="http://bugreport.sun.com/bugreport/"/>
    <property name="java.io.tmpdir" value="C:\Users\ridhi\AppData\Local\Temp\"/>
    <property name="java.version" value="1.8.0_202"/>
    <property name="user.dir" value="C:\Users\ridhi\OneDrive\UCD\Trimester4\DistributedSystem\quoco-ws\task5\girlsallowed"/>
    <property name="os.arch" value="amd64"/>
    <property name="java.vm.specification.name" value="Java Virtual Machine Specification"/>
    <property name="java.awt.printerjob" value="sun.awt.windows.WPrinterJob"/>
    <property name="sun.os.patch.level" value=""/>
    <property name="java.library.path" value="C:\Program Files\Java\jdk1.8.0_202\jre\bin;C:\WINDOWS\Sun\Java\bin;C:\WINDOWS\system32;C:\WINDOWS;C:\Users\ridhi\anaconda3\condabin;C:\Program Files (x86)\Common Files\Oracle\Java\javapath;C:\Program Files\Common Files\Oracle\Java\javapath;C:\Python311\Scripts\;C:\Python311\;C:\Program Files (x86)\VMware\VMware Player\bin\;C:\Windows\system32;C:\Windows;C:\Windows\System32\Wbem;C:\Windows\System32\WindowsPowerShell\v1.0\;C:\Windows\System32\OpenSSH\;C:\Program Files (x86)\NVIDIA Corporation\PhysX\Common;C:\Program Files\NVIDIA Corporation\NVIDIA NvDLISR;C:\Program Files\Git\cmd;C:\Program Files\PuTTY\;C:\WINDOWS\system32;C:\WINDOWS;C:\WINDOWS\System32\Wbem;C:\WINDOWS\System32\WindowsPowerShell\v1.0\;C:\WINDOWS\System32\OpenSSH\;C:\Program Files\TortoiseGit\bin;C:\Program Files\Graphviz\bin;C:\ProgramData\chocolatey\bin;C:\Program Files\nodejs\;C:\Program Files\apache-maven-3.9.4\bin;C:\Program Files\Docker\Docker\resources\bin;C:\Program Files\Java\jdk1.8.0_202\bin;C:\Program Files\Kubernetes\Minikube;C:\Program Files\MySQL\MySQL Server 8.0\bin;C:\Users\ridhi\anaconda3\envs\comp30830;C:\Users\ridhi\anaconda3\envs\comp30830\Library\mingw-w64\bin;C:\Users\ridhi\anaconda3\envs\comp30830\Library\usr\bin;C:\Users\ridhi\anaconda3\envs\comp30830\Library\bin;C:\Users\ridhi\anaconda3\envs\comp30830\Scripts;C:\Users\ridhi\anaconda3;C:\Users\ridhi\anaconda3\Library\mingw-w64\bin;C:\Users\ridhi\anaconda3\Library\usr\bin;C:\Users\ridhi\anaconda3\Library\bin;C:\Users\ridhi\anaconda3\Scripts;C:\Program Files\MySQL\MySQL Shell 8.0\bin\;C:\Users\ridhi\AppData\Local\Programs\Python\Python310\Scripts\;C:\Users\ridhi\AppData\Local\Programs\Python\Python310\;C:\Users\ridhi\AppData\Local\Microsoft\WindowsApps;C:\Users\ridhi\AppData\Local\Programs\Microsoft VS Code\bin;C:\Program Files (x86)\Brackets\;C:\Users\ridhi\AppData\Local\GitHubDesktop\bin;C:\Users\ridhi\AppData\Roaming\npm;C:\Python311\Scripts;C:\Users\ridhi\AppData\Local\Microsoft\WinGet\Packages\Kubernetes.kompose_Microsoft.Winget.Source_8wekyb3d8bbwe;;."/>
    <property name="java.vm.info" value="mixed mode"/>
    <property name="java.vendor" value="Oracle Corporation"/>
    <property name="java.vm.version" value="25.202-b08"/>
    <property name="java.ext.dirs" value="C:\Program Files\Java\jdk1.8.0_202\jre\lib\ext;C:\WINDOWS\Sun\Java\lib\ext"/>
    <property name="sun.io.unicode.encoding" value="UnicodeLittle"/>
    <property name="java.class.version" value="52.0"/>
  </properties>
  <testcase name="connectionTest" classname="girlsallowed.GirlsallowedQuotationServiceUnitTest" time="0.723">
    <system-err><![CDATA[Oct 13, 2023 10:19:23 PM com.sun.xml.ws.server.MonitorBase createRoot
INFO: Metro monitoring rootname successfully set to: com.sun.metro:pp=/,type=WSEndpoint,name=QuotationService-QuotationServicePort
]]></system-err>
  </testcase>
</testsuite>